[2026-03-11 19:18:35] === Transcription run started ===
[2026-03-11 19:18:35] Input dir: episodes/
[2026-03-11 19:18:35] Output dir: transcripts/
[2026-03-11 19:18:35] Parallel workers: 8 (4 CPU threads each)
[2026-03-11 19:18:35] Retranscribe mode: ON
[2026-03-11 19:18:35] Found 62 audio files
[2026-03-11 19:18:39] RETRANSCRIBE: 1190822572-empiricalcyclingpodcast-ten-minute-tips-16-can-functional-training-get-too-functional (skipping temp=0, starting at temp=0.4 -mc 0)
[2026-03-11 19:18:39] RETRANSCRIBE: 1216529890-empiricalcyclingpodcast-perspectives-8-why-its-hard-to-rest-with-patrick-rest (skipping temp=0, starting at temp=0.4 -mc 0)
[2026-03-11 19:18:40] RETRANSCRIBE: 1152867367-empiricalcyclingpodcast-ten-minute-tips-13-what-strength-exercises-should-you-do (skipping temp=0, starting at temp=0.4 -mc 0)
[2026-03-11 19:18:40] RETRANSCRIBE: 1239908659-empiricalcyclingpodcast-perspectives-10-a-guide-to-time-trialing-with-cory-lockwood (skipping temp=0, starting at temp=0.4 -mc 0)
[2026-03-11 19:18:41] RETRANSCRIBE: 1219977919-empiricalcyclingpodcast-perspectives-9-pragmatic-physiology-and-nutrition-with-tim-podlogar (skipping temp=0, starting at temp=0.4 -mc 0)
[2026-03-11 19:18:41] RETRANSCRIBE: 1233728686-empiricalcyclingpodcast-watts-doc-37-your-fast-twitch-fibers-probably-as-aerobic-as-your-slow-twitch (skipping temp=0, starting at temp=0.4 -mc 0)
[2026-03-11 19:18:42] RETRANSCRIBE: 1174414534-empiricalcyclingpodcast-perspectives-6-2021-season-review-and-2022-planning-with-ingvar-omarsson (skipping temp=0, starting at temp=0.4 -mc 0)
[2026-03-11 19:18:42] RETRANSCRIBE: 1144665736-empiricalcyclingpodcast-perspectives-4-high-functioning-lunatics-with-patrick-smith (skipping temp=0, starting at temp=0.4 -mc 0)
[2026-03-11 19:30:33] RETRY OK: 1216529890-empiricalcyclingpodcast-perspectives-8-why-its-hard-to-rest-with-patrick-rest (temp=0.2 clean, max consecutive repeats: 2)
[2026-03-11 19:30:33] OK: 1216529890-empiricalcyclingpodcast-perspectives-8-why-its-hard-to-rest-with-patrick-rest (temp=0.2)
[2026-03-11 19:30:38] RETRANSCRIBE: 1301979604-empiricalcyclingpodcast-ten-minute-tips-21-individualization-is-why-it-always-depends (skipping temp=0, starting at temp=0.4 -mc 0)
[2026-03-11 19:31:11] RETRY OK: 1190822572-empiricalcyclingpodcast-ten-minute-tips-16-can-functional-training-get-too-functional (temp=0.2 clean, max consecutive repeats: 1)
[2026-03-11 19:31:11] OK: 1190822572-empiricalcyclingpodcast-ten-minute-tips-16-can-functional-training-get-too-functional (temp=0.2)
[2026-03-11 19:31:18] RETRANSCRIBE: 1309266271-empiricalcyclingpodcast-perspectives-16-experiment-vs-experience-with-marinus-petersen (skipping temp=0, starting at temp=0.4 -mc 0)
[2026-03-11 19:32:52] RETRY OK: 1152867367-empiricalcyclingpodcast-ten-minute-tips-13-what-strength-exercises-should-you-do (temp=0.2 clean, max consecutive repeats: 2)
[2026-03-11 19:32:52] OK: 1152867367-empiricalcyclingpodcast-ten-minute-tips-13-what-strength-exercises-should-you-do (temp=0.2)
[2026-03-11 19:33:01] RETRANSCRIBE: 1353913138-empiricalcyclingpodcast-perspectives-19-adaptation-signaling-and-performance-with-andy-coggan (skipping temp=0, starting at temp=0.4 -mc 0)
[2026-03-11 19:33:51] RETRY OK: 1239908659-empiricalcyclingpodcast-perspectives-10-a-guide-to-time-trialing-with-cory-lockwood (temp=0.2 clean, max consecutive repeats: 1)
[2026-03-11 19:33:51] OK: 1239908659-empiricalcyclingpodcast-perspectives-10-a-guide-to-time-trialing-with-cory-lockwood (temp=0.2)
[2026-03-11 19:33:59] RETRANSCRIBE: 1370242147-empiricalcyclingpodcast-watts-doc-40-endurance-adaptation-is-not-substrate-oxidation (skipping temp=0, starting at temp=0.4 -mc 0)
[2026-03-11 19:35:21] RETRY OK: 1219977919-empiricalcyclingpodcast-perspectives-9-pragmatic-physiology-and-nutrition-with-tim-podlogar (temp=0.2 clean, max consecutive repeats: 1)
[2026-03-11 19:35:21] OK: 1219977919-empiricalcyclingpodcast-perspectives-9-pragmatic-physiology-and-nutrition-with-tim-podlogar (temp=0.2)
[2026-03-11 19:35:28] RETRANSCRIBE: 1406970607-empiricalcyclingpodcast-perspectives-21-behind-the-new-american-40km-itt-record-with-cory-lockwood (skipping temp=0, starting at temp=0.4 -mc 0)
[2026-03-11 19:37:37] RETRY OK: 1233728686-empiricalcyclingpodcast-watts-doc-37-your-fast-twitch-fibers-probably-as-aerobic-as-your-slow-twitch (temp=0.2 clean, max consecutive repeats: 2)
[2026-03-11 19:37:37] OK: 1233728686-empiricalcyclingpodcast-watts-doc-37-your-fast-twitch-fibers-probably-as-aerobic-as-your-slow-twitch (temp=0.2)
[2026-03-11 19:37:46] RETRANSCRIBE: 1419554557-empiricalcyclingpodcast-watts-doc-41-does-overtraining-actually-make-mitochondria-dysfunction (skipping temp=0, starting at temp=0.4 -mc 0)
[2026-03-11 19:38:57] RETRY OK: 1174414534-empiricalcyclingpodcast-perspectives-6-2021-season-review-and-2022-planning-with-ingvar-omarsson (temp=0.2 clean, max consecutive repeats: 2)
[2026-03-11 19:38:57] OK: 1174414534-empiricalcyclingpodcast-perspectives-6-2021-season-review-and-2022-planning-with-ingvar-omarsson (temp=0.2)
[2026-03-11 19:39:06] RETRANSCRIBE: 1426345801-empiricalcyclingpodcast-watts-doc-42the-relationship-between-size-and-power (skipping temp=0, starting at temp=0.4 -mc 0)
[2026-03-11 19:39:34] RETRY OK: 1144665736-empiricalcyclingpodcast-perspectives-4-high-functioning-lunatics-with-patrick-smith (temp=0.2 clean, max consecutive repeats: 2)
[2026-03-11 19:39:34] OK: 1144665736-empiricalcyclingpodcast-perspectives-4-high-functioning-lunatics-with-patrick-smith (temp=0.2)
[2026-03-11 19:39:43] RETRANSCRIBE: 1435296790-empiricalcyclingpodcast-perspectives-22-the-cognitive-dissonance-of-silver-bullet-training-with-patrick-smith (skipping temp=0, starting at temp=0.4 -mc 0)
[2026-03-11 19:46:53] RETRY OK: 1301979604-empiricalcyclingpodcast-ten-minute-tips-21-individualization-is-why-it-always-depends (temp=0.2 clean, max consecutive repeats: 1)
[2026-03-11 19:46:53] OK: 1301979604-empiricalcyclingpodcast-ten-minute-tips-21-individualization-is-why-it-always-depends (temp=0.2)
[2026-03-11 19:46:59] RETRANSCRIBE: 1440628345-empiricalcyclingpodcast-ten-minute-tips-22-the-case-against-erg-mode (skipping temp=0, starting at temp=0.4 -mc 0)
[2026-03-11 19:52:03] RETRY OK: 1309266271-empiricalcyclingpodcast-perspectives-16-experiment-vs-experience-with-marinus-petersen (temp=0.2 clean, max consecutive repeats: 1)
[2026-03-11 19:52:03] OK: 1309266271-empiricalcyclingpodcast-perspectives-16-experiment-vs-experience-with-marinus-petersen (temp=0.2)
[2026-03-11 19:52:08] RETRANSCRIBE: 1472759278-empiricalcyclingpodcast-ten-minute-tips-27-programming-over-under-workouts (skipping temp=0, starting at temp=0.4 -mc 0)
[2026-03-11 19:59:29] RETRY OK: 1406970607-empiricalcyclingpodcast-perspectives-21-behind-the-new-american-40km-itt-record-with-cory-lockwood (temp=0.2 clean, max consecutive repeats: 1)
[2026-03-11 19:59:29] OK: 1406970607-empiricalcyclingpodcast-perspectives-21-behind-the-new-american-40km-itt-record-with-cory-lockwood (temp=0.2)
[2026-03-11 19:59:30] RETRY OK: 1370242147-empiricalcyclingpodcast-watts-doc-40-endurance-adaptation-is-not-substrate-oxidation (temp=0.2 clean, max consecutive repeats: 2)
[2026-03-11 19:59:30] OK: 1370242147-empiricalcyclingpodcast-watts-doc-40-endurance-adaptation-is-not-substrate-oxidation (temp=0.2)
[2026-03-11 19:59:34] RETRANSCRIBE: 1481215921-empiricalcyclingpodcast-perspectives-24-continuous-glucose-monitors-kristen-faulkner-and-athlete-health (skipping temp=0, starting at temp=0.4 -mc 0)
[2026-03-11 19:59:36] RETRANSCRIBE: 1537331443-empiricalcyclingpodcast-watts-doc-44-calcium-is-an-underappreciated-aerobic-adaptive-signal (skipping temp=0, starting at temp=0.4 -mc 0)
[2026-03-11 19:59:50] RETRY OK: 1353913138-empiricalcyclingpodcast-perspectives-19-adaptation-signaling-and-performance-with-andy-coggan (temp=0.2 clean, max consecutive repeats: 2)
[2026-03-11 19:59:50] OK: 1353913138-empiricalcyclingpodcast-perspectives-19-adaptation-signaling-and-performance-with-andy-coggan (temp=0.2)
[2026-03-11 19:59:57] RETRANSCRIBE: 1560449302-empiricalcyclingpodcast-ten-minute-tips-29-training-myths-part-3-volume (skipping temp=0, starting at temp=0.4 -mc 0)
[2026-03-11 20:03:43] RETRY OK: 1435296790-empiricalcyclingpodcast-perspectives-22-the-cognitive-dissonance-of-silver-bullet-training-with-patrick-smith (temp=0.2 clean, max consecutive repeats: 2)
[2026-03-11 20:03:43] OK: 1435296790-empiricalcyclingpodcast-perspectives-22-the-cognitive-dissonance-of-silver-bullet-training-with-patrick-smith (temp=0.2)
[2026-03-11 20:03:52] RETRANSCRIBE: 1608430374-empiricalcyclingpodcast-watts-doc-45-how-high-intensity-aerobic-adaptations-with-ampk-do-and-dont-work (skipping temp=0, starting at temp=0.4 -mc 0)
[2026-03-11 20:05:23] RETRY OK: 1419554557-empiricalcyclingpodcast-watts-doc-41-does-overtraining-actually-make-mitochondria-dysfunction (temp=0.2 clean, max consecutive repeats: 2)
[2026-03-11 20:05:23] OK: 1419554557-empiricalcyclingpodcast-watts-doc-41-does-overtraining-actually-make-mitochondria-dysfunction (temp=0.2)
[2026-03-11 20:05:31] RETRANSCRIBE: 1630053015-empiricalcyclingpodcast-perspectives-29-managing-fitness-and-rest-during-race-season-with-taylor-warren (skipping temp=0, starting at temp=0.4 -mc 0)
[2026-03-11 20:05:49] RETRY OK: 1426345801-empiricalcyclingpodcast-watts-doc-42the-relationship-between-size-and-power (temp=0.2 clean, max consecutive repeats: 2)
[2026-03-11 20:05:49] OK: 1426345801-empiricalcyclingpodcast-watts-doc-42the-relationship-between-size-and-power (temp=0.2)
[2026-03-11 20:05:56] RETRANSCRIBE: 1641431880-empiricalcyclingpodcast-watts-doc-46-why-low-glycogen-training-probably-doesnt-work (skipping temp=0, starting at temp=0.4 -mc 0)
[2026-03-11 20:06:13] RETRY OK: 1472759278-empiricalcyclingpodcast-ten-minute-tips-27-programming-over-under-workouts (temp=0.2 clean, max consecutive repeats: 2)
[2026-03-11 20:06:13] OK: 1472759278-empiricalcyclingpodcast-ten-minute-tips-27-programming-over-under-workouts (temp=0.2)
[2026-03-11 20:06:21] RETRANSCRIBE: 1646875578-empiricalcyclingpodcast-ten-minute-tips-30-strength-training-mistakes-every-cyclist-makes (skipping temp=0, starting at temp=0.4 -mc 0)
[2026-03-11 20:07:19] RETRY OK: 1440628345-empiricalcyclingpodcast-ten-minute-tips-22-the-case-against-erg-mode (temp=0.2 clean, max consecutive repeats: 2)
[2026-03-11 20:07:19] OK: 1440628345-empiricalcyclingpodcast-ten-minute-tips-22-the-case-against-erg-mode (temp=0.2)
[2026-03-11 20:07:28] RETRANSCRIBE: 1675129809-empiricalcyclingpodcast-ten-minute-tips-31-how-to-take-a-rest-day-and-how-to-avoid-screwing-it-up (skipping temp=0, starting at temp=0.4 -mc 0)
[2026-03-11 20:13:35] RETRY OK: 1481215921-empiricalcyclingpodcast-perspectives-24-continuous-glucose-monitors-kristen-faulkner-and-athlete-health (temp=0.2 clean, max consecutive repeats: 1)
[2026-03-11 20:13:35] OK: 1481215921-empiricalcyclingpodcast-perspectives-24-continuous-glucose-monitors-kristen-faulkner-and-athlete-health (temp=0.2)
[2026-03-11 20:13:44] RETRANSCRIBE: 1681202379-empiricalcyclingpodcast-watts-doc-47-the-redox-role-in-adaptation-recovery-and-nutrition (skipping temp=0, starting at temp=0.4 -mc 0)
[2026-03-11 20:17:01] RETRY OK: 1537331443-empiricalcyclingpodcast-watts-doc-44-calcium-is-an-underappreciated-aerobic-adaptive-signal (temp=0.2 clean, max consecutive repeats: 2)
[2026-03-11 20:17:01] OK: 1537331443-empiricalcyclingpodcast-watts-doc-44-calcium-is-an-underappreciated-aerobic-adaptive-signal (temp=0.2)
[2026-03-11 20:17:08] RETRANSCRIBE: 1712873712-empiricalcyclingpodcast-ten-minute-tips-32-where-training-zones-fall-short (skipping temp=0, starting at temp=0.4 -mc 0)
[2026-03-11 20:22:00] RETRY OK: 1560449302-empiricalcyclingpodcast-ten-minute-tips-29-training-myths-part-3-volume (temp=0.2 clean, max consecutive repeats: 2)
[2026-03-11 20:22:00] OK: 1560449302-empiricalcyclingpodcast-ten-minute-tips-29-training-myths-part-3-volume (temp=0.2)
[2026-03-11 20:22:08] RETRANSCRIBE: 1731147645-empiricalcyclingpodcast-ten-minute-tips-34-intermediate-and-advanced-strength-training-mistakes-and-solutions (skipping temp=0, starting at temp=0.4 -mc 0)
[2026-03-11 20:27:37] RETRY OK: 1641431880-empiricalcyclingpodcast-watts-doc-46-why-low-glycogen-training-probably-doesnt-work (temp=0.2 clean, max consecutive repeats: 1)
[2026-03-11 20:27:37] OK: 1641431880-empiricalcyclingpodcast-watts-doc-46-why-low-glycogen-training-probably-doesnt-work (temp=0.2)
[2026-03-11 20:27:45] RETRANSCRIBE: 1752139989-empiricalcyclingpodcast-ten-minute-tips-35-higher-ftp-vs-longer-tte (skipping temp=0, starting at temp=0.4 -mc 0)
[2026-03-11 20:30:04] RETRY OK: 1630053015-empiricalcyclingpodcast-perspectives-29-managing-fitness-and-rest-during-race-season-with-taylor-warren (temp=0.2 clean, max consecutive repeats: 1)
[2026-03-11 20:30:04] OK: 1630053015-empiricalcyclingpodcast-perspectives-29-managing-fitness-and-rest-during-race-season-with-taylor-warren (temp=0.2)
[2026-03-11 20:30:14] RETRANSCRIBE: 1783447314-empiricalcyclingpodcast-watts-doc-49-endurance-intensity-and-volume (skipping temp=0, starting at temp=0.4 -mc 0)
[2026-03-11 20:33:39] RETRY OK: 1646875578-empiricalcyclingpodcast-ten-minute-tips-30-strength-training-mistakes-every-cyclist-makes (temp=0.2 clean, max consecutive repeats: 2)
[2026-03-11 20:33:39] OK: 1646875578-empiricalcyclingpodcast-ten-minute-tips-30-strength-training-mistakes-every-cyclist-makes (temp=0.2)
[2026-03-11 20:33:43] RETRY OK: 1675129809-empiricalcyclingpodcast-ten-minute-tips-31-how-to-take-a-rest-day-and-how-to-avoid-screwing-it-up (temp=0.2 clean, max consecutive repeats: 2)
[2026-03-11 20:33:43] OK: 1675129809-empiricalcyclingpodcast-ten-minute-tips-31-how-to-take-a-rest-day-and-how-to-avoid-screwing-it-up (temp=0.2)
[2026-03-11 20:33:48] RETRANSCRIBE: 1799552662-empiricalcyclingpodcast-ten-minute-tips-37-pacing-and-programming-endurance-rides (skipping temp=0, starting at temp=0.4 -mc 0)
[2026-03-11 20:33:49] RETRANSCRIBE: 1849589265-empiricalcyclingpodcast-ten-minute-tips-38-balancing-training-and-rest-during-race-season (skipping temp=0, starting at temp=0.4 -mc 0)
[2026-03-11 20:34:06] RETRY OK: 1608430374-empiricalcyclingpodcast-watts-doc-45-how-high-intensity-aerobic-adaptations-with-ampk-do-and-dont-work (temp=0.2 clean, max consecutive repeats: 2)
[2026-03-11 20:34:06] OK: 1608430374-empiricalcyclingpodcast-watts-doc-45-how-high-intensity-aerobic-adaptations-with-ampk-do-and-dont-work (temp=0.2)
[2026-03-11 20:34:13] RETRANSCRIBE: 1874275173-empiricalcyclingpodcast-ten-minute-tips-39-individualizing-training-for-crits-cx-and-mtb (skipping temp=0, starting at temp=0.4 -mc 0)
[2026-03-11 20:40:07] RETRY OK: 1712873712-empiricalcyclingpodcast-ten-minute-tips-32-where-training-zones-fall-short (temp=0.2 clean, max consecutive repeats: 1)
[2026-03-11 20:40:07] OK: 1712873712-empiricalcyclingpodcast-ten-minute-tips-32-where-training-zones-fall-short (temp=0.2)
[2026-03-11 20:40:13] RETRANSCRIBE: 1884216615-empiricalcyclingpodcast-ten-minute-tips-40-training-mistakes-every-beginner-makes-and-solutions (skipping temp=0, starting at temp=0.4 -mc 0)
[2026-03-11 20:42:18] RETRY OK: 1681202379-empiricalcyclingpodcast-watts-doc-47-the-redox-role-in-adaptation-recovery-and-nutrition (temp=0.2 clean, max consecutive repeats: 1)
[2026-03-11 20:42:18] OK: 1681202379-empiricalcyclingpodcast-watts-doc-47-the-redox-role-in-adaptation-recovery-and-nutrition (temp=0.2)
[2026-03-11 20:42:24] RETRANSCRIBE: 1921582412-empiricalcyclingpodcast-perspectives-35-continuously-realizing-potential-with-cole-tamburri (skipping temp=0, starting at temp=0.4 -mc 0)
[2026-03-11 20:49:36] RETRY OK: 1731147645-empiricalcyclingpodcast-ten-minute-tips-34-intermediate-and-advanced-strength-training-mistakes-and-solutions (temp=0.2 clean, max consecutive repeats: 2)
[2026-03-11 20:49:36] OK: 1731147645-empiricalcyclingpodcast-ten-minute-tips-34-intermediate-and-advanced-strength-training-mistakes-and-solutions (temp=0.2)
[2026-03-11 20:49:43] RETRANSCRIBE: 1935688253-empiricalcyclingpodcast-ten-minute-tips-42-the-training-implications-of-strength-as-a-skill (skipping temp=0, starting at temp=0.4 -mc 0)
[2026-03-11 20:52:34] RETRY OK: 1849589265-empiricalcyclingpodcast-ten-minute-tips-38-balancing-training-and-rest-during-race-season (temp=0.2 clean, max consecutive repeats: 2)
[2026-03-11 20:52:34] OK: 1849589265-empiricalcyclingpodcast-ten-minute-tips-38-balancing-training-and-rest-during-race-season (temp=0.2)
[2026-03-11 20:52:38] RETRANSCRIBE: 1949321231-empiricalcyclingpodcast-watts-doc-51-the-complicated-relationship-between-performance-and-phenotype (skipping temp=0, starting at temp=0.4 -mc 0)
[2026-03-11 20:53:56] RETRY OK: 1752139989-empiricalcyclingpodcast-ten-minute-tips-35-higher-ftp-vs-longer-tte (temp=0.2 clean, max consecutive repeats: 2)
[2026-03-11 20:53:56] OK: 1752139989-empiricalcyclingpodcast-ten-minute-tips-35-higher-ftp-vs-longer-tte (temp=0.2)
[2026-03-11 20:54:01] RETRANSCRIBE: 1960584159-empiricalcyclingpodcast-ten-minute-tips-45-the-simplest-training-plan-thought-experiment (skipping temp=0, starting at temp=0.4 -mc 0)
[2026-03-11 20:58:19] RETRY OK: 1874275173-empiricalcyclingpodcast-ten-minute-tips-39-individualizing-training-for-crits-cx-and-mtb (temp=0.2 clean, max consecutive repeats: 1)
[2026-03-11 20:58:19] OK: 1874275173-empiricalcyclingpodcast-ten-minute-tips-39-individualizing-training-for-crits-cx-and-mtb (temp=0.2)
[2026-03-11 20:58:25] RETRANSCRIBE: 1966298519-empiricalcyclingpodcast-perspectives-36-the-consequences-of-chronic-underfueling-with-traci-carson (skipping temp=0, starting at temp=0.4 -mc 0)
[2026-03-11 21:01:56] RETRY OK: 1799552662-empiricalcyclingpodcast-ten-minute-tips-37-pacing-and-programming-endurance-rides (temp=0.2 clean, max consecutive repeats: 1)
[2026-03-11 21:01:56] OK: 1799552662-empiricalcyclingpodcast-ten-minute-tips-37-pacing-and-programming-endurance-rides (temp=0.2)
[2026-03-11 21:02:04] RETRANSCRIBE: 2012769243-empiricalcyclingpodcast-ten-minute-tips-48-avoiding-over-optimization (skipping temp=0, starting at temp=0.4 -mc 0)
[2026-03-11 21:02:11] RETRY OK: 1884216615-empiricalcyclingpodcast-ten-minute-tips-40-training-mistakes-every-beginner-makes-and-solutions (temp=0.2 clean, max consecutive repeats: 2)
[2026-03-11 21:02:11] OK: 1884216615-empiricalcyclingpodcast-ten-minute-tips-40-training-mistakes-every-beginner-makes-and-solutions (temp=0.2)
[2026-03-11 21:02:16] RETRY OK: 1783447314-empiricalcyclingpodcast-watts-doc-49-endurance-intensity-and-volume (temp=0.2 clean, max consecutive repeats: 1)
[2026-03-11 21:02:16] OK: 1783447314-empiricalcyclingpodcast-watts-doc-49-endurance-intensity-and-volume (temp=0.2)
[2026-03-11 21:02:18] RETRANSCRIBE: 2024446488-empiricalcyclingpodcast-ten-minute-tips-49-practical-proxies-for-stimulus (skipping temp=0, starting at temp=0.4 -mc 0)
[2026-03-11 21:02:23] RETRANSCRIBE: 2036173748-empiricalcyclingpodcast-ten-minute-tips-50-fat-and-carb-burning-myths (skipping temp=0, starting at temp=0.4 -mc 0)
[2026-03-11 21:04:23] RETRY OK: 1949321231-empiricalcyclingpodcast-watts-doc-51-the-complicated-relationship-between-performance-and-phenotype (temp=0.2 clean, max consecutive repeats: 2)
[2026-03-11 21:04:23] OK: 1949321231-empiricalcyclingpodcast-watts-doc-51-the-complicated-relationship-between-performance-and-phenotype (temp=0.2)
[2026-03-11 21:04:32] RETRANSCRIBE: 2045615796-empiricalcyclingpodcast-ten-minute-tips-51-rpe-workout-feedback-adaptation-and-health-outcomes (skipping temp=0, starting at temp=0.4 -mc 0)
[2026-03-11 21:05:08] RETRY OK: 1921582412-empiricalcyclingpodcast-perspectives-35-continuously-realizing-potential-with-cole-tamburri (temp=0.2 clean, max consecutive repeats: 2)
[2026-03-11 21:05:08] OK: 1921582412-empiricalcyclingpodcast-perspectives-35-continuously-realizing-potential-with-cole-tamburri (temp=0.2)
[2026-03-11 21:05:14] RETRANSCRIBE: 2061437404-empiricalcyclingpodcast-ten-minute-tips-52-intermediate-training-mistakes-and-solutions (skipping temp=0, starting at temp=0.4 -mc 0)
[2026-03-11 21:10:10] RETRY OK: 1960584159-empiricalcyclingpodcast-ten-minute-tips-45-the-simplest-training-plan-thought-experiment (temp=0.2 clean, max consecutive repeats: 2)
[2026-03-11 21:10:10] OK: 1960584159-empiricalcyclingpodcast-ten-minute-tips-45-the-simplest-training-plan-thought-experiment (temp=0.2)
[2026-03-11 21:10:16] RETRANSCRIBE: 2086315650-empiricalcyclingpodcast-watts-doc-53-the-origins-of-newbie-gains (skipping temp=0, starting at temp=0.4 -mc 0)
[2026-03-11 21:14:36] RETRY OK: 1935688253-empiricalcyclingpodcast-ten-minute-tips-42-the-training-implications-of-strength-as-a-skill (temp=0.2 clean, max consecutive repeats: 1)
[2026-03-11 21:14:36] OK: 1935688253-empiricalcyclingpodcast-ten-minute-tips-42-the-training-implications-of-strength-as-a-skill (temp=0.2)
[2026-03-11 21:14:42] RETRANSCRIBE: 2110075104-empiricalcyclingpodcast-ten-minute-tips-57-our-coaches-answer-your-training-questions (skipping temp=0, starting at temp=0.4 -mc 0)
[2026-03-11 21:19:02] RETRY OK: 1966298519-empiricalcyclingpodcast-perspectives-36-the-consequences-of-chronic-underfueling-with-traci-carson (temp=0.2 clean, max consecutive repeats: 1)
[2026-03-11 21:19:02] OK: 1966298519-empiricalcyclingpodcast-perspectives-36-the-consequences-of-chronic-underfueling-with-traci-carson (temp=0.2)
[2026-03-11 21:19:08] RETRANSCRIBE: 2121761955-empiricalcyclingpodcast-ten-minute-tips-59-considerations-for-cramps (skipping temp=0, starting at temp=0.4 -mc 0)
[2026-03-11 21:22:41] RETRY OK: 2036173748-empiricalcyclingpodcast-ten-minute-tips-50-fat-and-carb-burning-myths (temp=0.2 clean, max consecutive repeats: 2)
[2026-03-11 21:22:41] OK: 2036173748-empiricalcyclingpodcast-ten-minute-tips-50-fat-and-carb-burning-myths (temp=0.2)
[2026-03-11 21:22:50] RETRANSCRIBE: 2135972586-empiricalcyclingpodcast-watts-doc-55-the-right-vo2max-training-and-3015s-epilogue (skipping temp=0, starting at temp=0.4 -mc 0)
[2026-03-11 21:23:22] RETRY OK: 2061437404-empiricalcyclingpodcast-ten-minute-tips-52-intermediate-training-mistakes-and-solutions (temp=0.2 clean, max consecutive repeats: 2)
[2026-03-11 21:23:22] OK: 2061437404-empiricalcyclingpodcast-ten-minute-tips-52-intermediate-training-mistakes-and-solutions (temp=0.2)
[2026-03-11 21:23:24] RETRY OK: 2024446488-empiricalcyclingpodcast-ten-minute-tips-49-practical-proxies-for-stimulus (temp=0.2 clean, max consecutive repeats: 2)
[2026-03-11 21:23:24] OK: 2024446488-empiricalcyclingpodcast-ten-minute-tips-49-practical-proxies-for-stimulus (temp=0.2)
[2026-03-11 21:23:28] RETRANSCRIBE: 2168476551-empiricalcyclingpodcast-ten-minute-tips-63-the-best-and-worst-ways-to-test-ftp (skipping temp=0, starting at temp=0.4 -mc 0)
[2026-03-11 21:23:30] RETRANSCRIBE: 2228139536-empiricalcyclingpodcast-ten-minute-tips-68-using-data-in-coaching (skipping temp=0, starting at temp=0.4 -mc 0)
[2026-03-11 21:27:09] RETRY OK: 2086315650-empiricalcyclingpodcast-watts-doc-53-the-origins-of-newbie-gains (temp=0.2 clean, max consecutive repeats: 1)
[2026-03-11 21:27:09] OK: 2086315650-empiricalcyclingpodcast-watts-doc-53-the-origins-of-newbie-gains (temp=0.2)
[2026-03-11 21:27:19] RETRANSCRIBE: 2232262637-empiricalcyclingpodcast-watts-doc-60-durabilitys-limitations (skipping temp=0, starting at temp=0.4 -mc 0)
[2026-03-11 21:28:01] RETRY OK: 2012769243-empiricalcyclingpodcast-ten-minute-tips-48-avoiding-over-optimization (temp=0.2 clean, max consecutive repeats: 1)
[2026-03-11 21:28:01] OK: 2012769243-empiricalcyclingpodcast-ten-minute-tips-48-avoiding-over-optimization (temp=0.2)
[2026-03-11 21:28:06] RETRANSCRIBE: 2252506076-empiricalcyclingpodcast-ten-minute-tips-71-avoiding-panic-training-starts-now (skipping temp=0, starting at temp=0.4 -mc 0)
[2026-03-11 21:30:14] RETRY OK: 2045615796-empiricalcyclingpodcast-ten-minute-tips-51-rpe-workout-feedback-adaptation-and-health-outcomes (temp=0.2 clean, max consecutive repeats: 2)
[2026-03-11 21:30:14] OK: 2045615796-empiricalcyclingpodcast-ten-minute-tips-51-rpe-workout-feedback-adaptation-and-health-outcomes (temp=0.2)
[2026-03-11 21:30:18] RETRANSCRIBE: 2265497594-empiricalcyclingpodcast-ten-minute-tips-72-the-roles (skipping temp=0, starting at temp=0.4 -mc 0)
[2026-03-11 21:32:30] RETRY OK: 2110075104-empiricalcyclingpodcast-ten-minute-tips-57-our-coaches-answer-your-training-questions (temp=0.2 clean, max consecutive repeats: 1)
[2026-03-11 21:32:30] OK: 2110075104-empiricalcyclingpodcast-ten-minute-tips-57-our-coaches-answer-your-training-questions (temp=0.2)
[2026-03-11 21:32:33] RETRANSCRIBE: 636044361-empiricalcyclingpodcast-student-union-1-collegiate-nationals-and-the-art-of-the-ttt (skipping temp=0, starting at temp=0.4 -mc 0)
[2026-03-11 21:35:57] RETRY OK: 2121761955-empiricalcyclingpodcast-ten-minute-tips-59-considerations-for-cramps (temp=0.2 clean, max consecutive repeats: 2)
[2026-03-11 21:35:57] OK: 2121761955-empiricalcyclingpodcast-ten-minute-tips-59-considerations-for-cramps (temp=0.2)
[2026-03-11 21:35:57] RETRANSCRIBE: 750622018-empiricalcyclingpodcast-ten-minute-tips-5-how-much-does-rotating-weight-matter (skipping temp=0, starting at temp=0.4 -mc 0)
[2026-03-11 21:38:15] RETRY OK: 750622018-empiricalcyclingpodcast-ten-minute-tips-5-how-much-does-rotating-weight-matter (temp=0.2 clean, max consecutive repeats: 1)
[2026-03-11 21:38:15] OK: 750622018-empiricalcyclingpodcast-ten-minute-tips-5-how-much-does-rotating-weight-matter (temp=0.2)
[2026-03-11 21:38:18] RETRANSCRIBE: 769739140-empiricalcyclingpodcast-the-watts-doc-16-listener-questions-on-ftp-training (skipping temp=0, starting at temp=0.4 -mc 0)
[2026-03-11 21:41:09] RETRY OK: 2265497594-empiricalcyclingpodcast-ten-minute-tips-72-the-roles (temp=0.2 clean, max consecutive repeats: 1)
[2026-03-11 21:41:09] OK: 2265497594-empiricalcyclingpodcast-ten-minute-tips-72-the-roles (temp=0.2)
[2026-03-11 21:41:13] RETRANSCRIBE: 807518419-empiricalcyclingpodcast-watts-doc-18-why-everything-you-know-about-vo2max-power-is-probably-wrong (skipping temp=0, starting at temp=0.4 -mc 0)
[2026-03-11 21:41:39] RETRY OK: 2228139536-empiricalcyclingpodcast-ten-minute-tips-68-using-data-in-coaching (temp=0.2 clean, max consecutive repeats: 1)
[2026-03-11 21:41:39] OK: 2228139536-empiricalcyclingpodcast-ten-minute-tips-68-using-data-in-coaching (temp=0.2)
[2026-03-11 21:41:44] RETRANSCRIBE: 832792420-empiricalcyclingpodcast-watts-doc-20-the-fick-equation-part-1-a-vo2-difference (skipping temp=0, starting at temp=0.4 -mc 0)
[2026-03-11 21:42:03] RETRY OK: 636044361-empiricalcyclingpodcast-student-union-1-collegiate-nationals-and-the-art-of-the-ttt (temp=0.2 clean, max consecutive repeats: 1)
[2026-03-11 21:42:03] OK: 636044361-empiricalcyclingpodcast-student-union-1-collegiate-nationals-and-the-art-of-the-ttt (temp=0.2)
[2026-03-11 21:42:08] RETRANSCRIBE: 936171130-empiricalcyclingpodcast-watts-doc-27-training-repeated-sprint-ability (skipping temp=0, starting at temp=0.4 -mc 0)
[2026-03-11 21:43:32] RETRY OK: 2168476551-empiricalcyclingpodcast-ten-minute-tips-63-the-best-and-worst-ways-to-test-ftp (temp=0.2 clean, max consecutive repeats: 1)
[2026-03-11 21:43:32] OK: 2168476551-empiricalcyclingpodcast-ten-minute-tips-63-the-best-and-worst-ways-to-test-ftp (temp=0.2)
[2026-03-11 21:43:37] RETRANSCRIBE: 941747059-empiricalcyclingpodcast-watts-doc-28-why-hit-may-not-make-you-faster (skipping temp=0, starting at temp=0.4 -mc 0)
[2026-03-11 21:43:44] RETRY OK: 2252506076-empiricalcyclingpodcast-ten-minute-tips-71-avoiding-panic-training-starts-now (temp=0.2 clean, max consecutive repeats: 1)
[2026-03-11 21:43:44] OK: 2252506076-empiricalcyclingpodcast-ten-minute-tips-71-avoiding-panic-training-starts-now (temp=0.2)
[2026-03-11 21:43:48] RETRANSCRIBE: 996442741-empiricalcyclingpodcast-watts-doc-31-how-and-why-we-burn-carbs (skipping temp=0, starting at temp=0.4 -mc 0)
[2026-03-11 21:48:42] RETRY OK: 769739140-empiricalcyclingpodcast-the-watts-doc-16-listener-questions-on-ftp-training (temp=0.2 clean, max consecutive repeats: 1)
[2026-03-11 21:48:42] OK: 769739140-empiricalcyclingpodcast-the-watts-doc-16-listener-questions-on-ftp-training (temp=0.2)
[2026-03-11 21:51:07] RETRY OK: 2135972586-empiricalcyclingpodcast-watts-doc-55-the-right-vo2max-training-and-3015s-epilogue (temp=0.2 clean, max consecutive repeats: 2)
[2026-03-11 21:51:07] OK: 2135972586-empiricalcyclingpodcast-watts-doc-55-the-right-vo2max-training-and-3015s-epilogue (temp=0.2)
[2026-03-11 21:52:37] RETRY OK: 807518419-empiricalcyclingpodcast-watts-doc-18-why-everything-you-know-about-vo2max-power-is-probably-wrong (temp=0.2 clean, max consecutive repeats: 2)
[2026-03-11 21:52:37] OK: 807518419-empiricalcyclingpodcast-watts-doc-18-why-everything-you-know-about-vo2max-power-is-probably-wrong (temp=0.2)
[2026-03-11 21:53:29] RETRY OK: 832792420-empiricalcyclingpodcast-watts-doc-20-the-fick-equation-part-1-a-vo2-difference (temp=0.2 clean, max consecutive repeats: 1)
[2026-03-11 21:53:29] OK: 832792420-empiricalcyclingpodcast-watts-doc-20-the-fick-equation-part-1-a-vo2-difference (temp=0.2)
[2026-03-11 21:54:21] RETRY OK: 996442741-empiricalcyclingpodcast-watts-doc-31-how-and-why-we-burn-carbs (temp=0.2 clean, max consecutive repeats: 2)
[2026-03-11 21:54:21] OK: 996442741-empiricalcyclingpodcast-watts-doc-31-how-and-why-we-burn-carbs (temp=0.2)
[2026-03-11 21:55:06] RETRY OK: 2232262637-empiricalcyclingpodcast-watts-doc-60-durabilitys-limitations (temp=0.2 clean, max consecutive repeats: 2)
[2026-03-11 21:55:06] OK: 2232262637-empiricalcyclingpodcast-watts-doc-60-durabilitys-limitations (temp=0.2)
[2026-03-11 21:55:11] RETRY OK: 936171130-empiricalcyclingpodcast-watts-doc-27-training-repeated-sprint-ability (temp=0.2 clean, max consecutive repeats: 1)
[2026-03-11 21:55:11] OK: 936171130-empiricalcyclingpodcast-watts-doc-27-training-repeated-sprint-ability (temp=0.2)
[2026-03-11 21:55:25] RETRY OK: 941747059-empiricalcyclingpodcast-watts-doc-28-why-hit-may-not-make-you-faster (temp=0.2 clean, max consecutive repeats: 2)
[2026-03-11 21:55:25] OK: 941747059-empiricalcyclingpodcast-watts-doc-28-why-hit-may-not-make-you-faster (temp=0.2)
[2026-03-11 21:55:25] === Transcription run finished ===
[2026-03-11 21:55:25] Total: 62 files
[2026-03-11 21:55:25] Transcribed: 1
[2026-03-11 21:55:25] Skipped: 0
[2026-03-11 21:55:25] Failed: 0
[2026-03-11 21:55:25] Retried (corruption detected): 62
[2026-03-11 21:55:25] Time: 2h 36m
